[0312/132920.207:ERROR:process_memory_win.cc(73)] ReadMemory at 0x7ff7908a0000 of 64 bytes failed: Only part of a ReadProcessMemory or WriteProcessMemory request was completed. (0x12B)
[0312/132920.211:WARNING:pe_image_reader.cc(340)] could not read dos header from C:\Program Files (x86)\Google\Chrome\Application\chrome.exe
[0312/132920.211:ERROR:process_memory_win.cc(73)] ReadMemory at 0x7ffaa0780000 of 64 bytes failed: Only part of a ReadProcessMemory or WriteProcessMemory request was completed. (0x12B)
[0312/132920.211:WARNING:pe_image_reader.cc(340)] could not read dos header from C:\WINDOWS\SYSTEM32\ntdll.dll
[0312/132920.212:ERROR:process_memory_win.cc(73)] ReadMemory at 0x7ffa9e140000 of 64 bytes failed: Only part of a ReadProcessMemory or WriteProcessMemory request was completed. (0x12B)
[0312/132920.212:WARNING:pe_image_reader.cc(340)] could not read dos header from C:\WINDOWS\System32\KERNEL32.DLL
[0312/132920.212:ERROR:process_memory_win.cc(73)] ReadMemory at 0x7ffa9ce90000 of 64 bytes failed: Only part of a ReadProcessMemory or WriteProcessMemory request was completed. (0x12B)
[0312/132920.212:WARNING:pe_image_reader.cc(340)] could not read dos header from C:\WINDOWS\System32\KERNELBASE.dll
[0312/132920.212:ERROR:process_memory_win.cc(73)] ReadMemory at 0x7ffa6b840000 of 64 bytes failed: Only part of a ReadProcessMemory or WriteProcessMemory request was completed. (0x12B)
[0312/132920.212:WARNING:pe_image_reader.cc(340)] could not read dos header from C:\Program Files (x86)\Google\Chrome\Application\80.0.3987.132\chrome_elf.dll
[0312/132920.212:ERROR:process_memory_win.cc(73)] ReadMemory at 0x7ffa8ae90000 of 64 bytes failed: Only part of a ReadProcessMemory or WriteProcessMemory request was completed. (0x12B)
[0312/132920.212:WARNING:pe_image_reader.cc(340)] could not read dos header from C:\WINDOWS\SYSTEM32\VERSION.dll
[0312/132920.212:ERROR:process_memory_win.cc(73)] ReadMemory at 0x7ffaa0250000 of 64 bytes failed: Only part of a ReadProcessMemory or WriteProcessMemory request was completed. (0x12B)
[0312/132920.212:WARNING:pe_image_reader.cc(340)] could not read dos header from C:\WINDOWS\System32\msvcrt.dll
[0312/132920.212:ERROR:process_memory_win.cc(73)] ReadMemory at 0x7ffa9d920000 of 64 bytes failed: Only part of a ReadProcessMemory or WriteProcessMemory request was completed. (0x12B)
[0312/132920.212:WARNING:pe_image_reader.cc(340)] could not read dos header from C:\WINDOWS\System32\bcryptPrimitives.dll
[0312/132920.212:ERROR:process_memory_win.cc(73)] ReadMemory at 0x7ffaa00f0000 of 64 bytes failed: Only part of a ReadProcessMemory or WriteProcessMemory request was completed. (0x12B)
[0312/132920.212:WARNING:pe_image_reader.cc(340)] could not read dos header from C:\WINDOWS\System32\ADVAPI32.dll
[0312/132920.212:ERROR:process_memory_win.cc(73)] ReadMemory at 0x1bda1110000 of 64 bytes failed: Only part of a ReadProcessMemory or WriteProcessMemory request was completed. (0x12B)
[0312/132920.212:WARNING:pe_image_reader.cc(340)] could not read dos header from C:\WINDOWS\System32\sechost.dll
[0312/132920.212:ERROR:process_memory_win.cc(73)] ReadMemory at 0x7ffa9e800000 of 64 bytes failed: Only part of a ReadProcessMemory or WriteProcessMemory request was completed. (0x12B)
[0312/132920.213:WARNING:pe_image_reader.cc(340)] could not read dos header from C:\WINDOWS\System32\RPCRT4.dll
[0312/132920.213:ERROR:process_memory_win.cc(73)] ReadMemory at 0x7ffa45480000 of 64 bytes failed: Only part of a ReadProcessMemory or WriteProcessMemory request was completed. (0x12B)
[0312/132920.213:WARNING:pe_image_reader.cc(340)] could not read dos header from C:\Program Files (x86)\Google\Chrome\Application\80.0.3987.132\chrome.dll
[0312/132920.213:ERROR:process_memory_win.cc(73)] ReadMemory at 0x7ffaa0080000 of 64 bytes failed: Only part of a ReadProcessMemory or WriteProcessMemory request was completed. (0x12B)
[0312/132920.213:WARNING:pe_image_reader.cc(340)] could not read dos header from C:\WINDOWS\System32\WS2_32.dll
[0312/132920.213:ERROR:process_memory_win.cc(73)] ReadMemory at 0x7ffa9e6e0000 of 64 bytes failed: Only part of a ReadProcessMemory or WriteProcessMemory request was completed. (0x12B)
[0312/132920.213:WARNING:pe_image_reader.cc(340)] could not read dos header from C:\WINDOWS\System32\OLEAUT32.dll
[0312/132920.213:ERROR:process_memory_win.cc(73)] ReadMemory at 0x7ffa9d880000 of 64 bytes failed: Only part of a ReadProcessMemory or WriteProcessMemory request was completed. (0x12B)
[0312/132920.213:WARNING:pe_image_reader.cc(340)] could not read dos header from C:\WINDOWS\System32\msvcp_win.dll
[0312/132920.213:ERROR:process_memory_win.cc(73)] ReadMemory at 0x7ffa9cc60000 of 64 bytes failed: Only part of a ReadProcessMemory or WriteProcessMemory request was completed. (0x12B)
[0312/132920.213:WARNING:pe_image_reader.cc(340)] could not read dos header from C:\WINDOWS\System32\ucrtbase.dll
[0312/132920.213:ERROR:process_memory_win.cc(73)] ReadMemory at 0x7ffa9e2a0000 of 64 bytes failed: Only part of a ReadProcessMemory or WriteProcessMemory request was completed. (0x12B)
[0312/132920.213:WARNING:pe_image_reader.cc(340)] could not read dos header from C:\WINDOWS\System32\combase.dll
[0312/132920.213:ERROR:process_memory_win.cc(73)] ReadMemory at 0x7ffa9ce30000 of 64 bytes failed: Only part of a ReadProcessMemory or WriteProcessMemory request was completed. (0x12B)
[0312/132920.213:WARNING:pe_image_reader.cc(340)] could not read dos header from C:\WINDOWS\System32\WINTRUST.dll
[0312/132920.213:ERROR:process_memory_win.cc(73)] ReadMemory at 0x7ffa9c770000 of 64 bytes failed: Only part of a ReadProcessMemory or WriteProcessMemory request was completed. (0x12B)
[0312/132920.213:WARNING:pe_image_reader.cc(340)] could not read dos header from C:\WINDOWS\System32\MSASN1.dll
[0312/132920.213:ERROR:process_memory_win.cc(73)] ReadMemory at 0x7ffa9c840000 of 64 bytes failed: Only part of a ReadProcessMemory or WriteProcessMemory request was completed. (0x12B)
[0312/132920.213:WARNING:pe_image_reader.cc(340)] could not read dos header from C:\WINDOWS\System32\CRYPT32.dll
[0312/132920.213:ERROR:process_memory_win.cc(73)] ReadMemory at 0x7ffa9bca0000 of 64 bytes failed: Only part of a ReadProcessMemory or WriteProcessMemory request was completed. (0x12B)
[0312/132920.213:WARNING:pe_image_reader.cc(340)] could not read dos header from C:\WINDOWS\SYSTEM32\IPHLPAPI.DLL
[0312/132920.213:ERROR:process_memory_win.cc(73)] ReadMemory at 0x7ffa95a90000 of 64 bytes failed: Only part of a ReadProcessMemory or WriteProcessMemory request was completed. (0x12B)
[0312/132920.213:WARNING:pe_image_reader.cc(340)] could not read dos header from C:\WINDOWS\SYSTEM32\WINMM.dll
[0312/132920.213:ERROR:process_memory_win.cc(73)] ReadMemory at 0x7ffa85ff0000 of 64 bytes failed: Only part of a ReadProcessMemory or WriteProcessMemory request was completed. (0x12B)
[0312/132920.213:WARNING:pe_image_reader.cc(340)] could not read dos header from C:\WINDOWS\SYSTEM32\Secur32.dll
[0312/132920.213:ERROR:process_memory_win.cc(73)] ReadMemory at 0x7ffa9c6a0000 of 64 bytes failed: Only part of a ReadProcessMemory or WriteProcessMemory request was completed. (0x12B)
[0312/132920.213:WARNING:pe_image_reader.cc(340)] could not read dos header from C:\WINDOWS\SYSTEM32\USERENV.dll
[0312/132920.214:ERROR:process_memory_win.cc(73)] ReadMemory at 0x7ffa9c810000 of 64 bytes failed: Only part of a ReadProcessMemory or WriteProcessMemory request was completed. (0x12B)
[0312/132920.214:WARNING:pe_image_reader.cc(340)] could not read dos header from C:\WINDOWS\System32\profapi.dll
[0312/132920.214:ERROR:process_memory_win.cc(73)] ReadMemory at 0x7ffa58790000 of 64 bytes failed: Only part of a ReadProcessMemory or WriteProcessMemory request was completed. (0x12B)
[0312/132920.214:WARNING:pe_image_reader.cc(340)] could not read dos header from C:\WINDOWS\SYSTEM32\UIAutomationCore.DLL
[0312/132920.214:ERROR:process_memory_win.cc(73)] ReadMemory at 0x7ffa8dd20000 of 64 bytes failed: Only part of a ReadProcessMemory or WriteProcessMemory request was completed. (0x12B)
[0312/132920.214:WARNING:pe_image_reader.cc(340)] could not read dos header from C:\WINDOWS\SYSTEM32\DWrite.dll
[0312/132920.214:ERROR:process_memory_win.cc(73)] ReadMemory at 0x7ffa8c5d0000 of 64 bytes failed: Only part of a ReadProcessMemory or WriteProcessMemory request was completed. (0x12B)
[0312/132920.214:WARNING:pe_image_reader.cc(340)] could not read dos header from C:\WINDOWS\SYSTEM32\WINSPOOL.DRV
[0312/132920.214:ERROR:process_memory_win.cc(73)] ReadMemory at 0x7ffa9c790000 of 64 bytes failed: Only part of a ReadProcessMemory or WriteProcessMemory request was completed. (0x12B)
[0312/132920.214:WARNING:pe_image_reader.cc(340)] could not read dos header from C:\WINDOWS\System32\kernel.appcore.dll
[0312/132920.214:ERROR:process_memory_win.cc(73)] ReadMemory at 0x7ffa9ca70000 of 64 bytes failed: Only part of a ReadProcessMemory or WriteProcessMemory request was completed. (0x12B)
[0312/132920.214:WARNING:pe_image_reader.cc(340)] could not read dos header from C:\WINDOWS\System32\bcrypt.dll
[0312/132920.214:ERROR:process_memory_win.cc(73)] ReadMemory at 0x7ffa971a0000 of 64 bytes failed: Only part of a ReadProcessMemory or WriteProcessMemory request was completed. (0x12B)
[0312/132920.214:WARNING:pe_image_reader.cc(340)] could not read dos header from C:\WINDOWS\SYSTEM32\dbghelp.dll
[0312/132920.214:ERROR:process_memory_win.cc(73)] ReadMemory at 0x7ffa8e1e0000 of 64 bytes failed: Only part of a ReadProcessMemory or WriteProcessMemory request was completed. (0x12B)
[0312/132920.214:WARNING:pe_image_reader.cc(340)] could not read dos header from C:\WINDOWS\SYSTEM32\WINHTTP.dll
[0312/132920.214:ERROR:process_memory_win.cc(73)] ReadMemory at 0x7ffa8c580000 of 64 bytes failed: Only part of a ReadProcessMemory or WriteProcessMemory request was completed. (0x12B)
[0312/132920.214:WARNING:pe_image_reader.cc(340)] could not read dos header from C:\WINDOWS\SYSTEM32\dhcpcsvc.DLL
[0312/132920.215:ERROR:process_memory_win.cc(73)] ReadMemory at 0x7ffa9e130000 of 64 bytes failed: Only part of a ReadProcessMemory or WriteProcessMemory request was completed. (0x12B)
[0312/132920.215:WARNING:pe_image_reader.cc(340)] could not read dos header from C:\WINDOWS\System32\NSI.dll
[0312/132920.215:ERROR:process_memory_win.cc(73)] ReadMemory at 0x7ffa95a60000 of 64 bytes failed: Only part of a ReadProcessMemory or WriteProcessMemory request was completed. (0x12B)
[0312/132920.215:WARNING:pe_image_reader.cc(340)] could not read dos header from C:\WINDOWS\SYSTEM32\WINMMBASE.dll
[0312/132920.215:ERROR:process_memory_win.cc(73)] ReadMemory at 0x7ffa9ca20000 of 64 bytes failed: Only part of a ReadProcessMemory or WriteProcessMemory request was completed. (0x12B)
[0312/132920.215:WARNING:pe_image_reader.cc(340)] could not read dos header from C:\WINDOWS\System32\cfgmgr32.dll
[0312/132920.215:ERROR:process_memory_win.cc(73)] ReadMemory at 0x7ffa95490000 of 64 bytes failed: Only part of a ReadProcessMemory or WriteProcessMemory request was completed. (0x12B)
[0312/132920.215:WARNING:pe_image_reader.cc(340)] could not read dos header from C:\WINDOWS\SYSTEM32\Bcp47Langs.dll
[0312/132920.215:ERROR:process_memory_win.cc(73)] ReadMemory at 0x7ffa94ba0000 of 64 bytes failed: Only part of a ReadProcessMemory or WriteProcessMemory request was completed. (0x12B)
[0312/132920.215:WARNING:pe_image_reader.cc(340)] could not read dos header from C:\WINDOWS\SYSTEM32\PROPSYS.dll
[0312/132920.215:ERROR:process_memory_win.cc(73)] ReadMemory at 0x7ffa9e5d0000 of 64 bytes failed: Only part of a ReadProcessMemory or WriteProcessMemory request was completed. (0x12B)
[0312/132920.215:WARNING:pe_image_reader.cc(340)] could not read dos header from C:\WINDOWS\System32\shcore.dll
[0312/132920.215:ERROR:process_memory_win.cc(73)] ReadMemory at 0x7ffa9c670000 of 64 bytes failed: Only part of a ReadProcessMemory or WriteProcessMemory request was completed. (0x12B)
[0312/132920.215:WARNING:pe_image_reader.cc(340)] could not read dos header from C:\WINDOWS\SYSTEM32\SSPICLI.DLL
[0312/132920.215:ERROR:process_memory_win.cc(73)] ReadMemory at 0x7ffa9eb80000 of 64 bytes failed: Only part of a ReadProcessMemory or WriteProcessMemory request was completed. (0x12B)
[0312/132920.215:WARNING:pe_image_reader.cc(340)] could not read dos header from C:\WINDOWS\System32\SHELL32.dll
[0312/132920.215:ERROR:process_memory_win.cc(73)] ReadMemory at 0x7ffa9d130000 of 64 bytes failed: Only part of a ReadProcessMemory or WriteProcessMemory request was completed. (0x12B)
[0312/132920.215:WARNING:pe_image_reader.cc(340)] could not read dos header from C:\WINDOWS\System32\windows.storage.dll
[0312/132920.215:ERROR:process_memory_win.cc(73)] ReadMemory at 0x7ffa9c7b0000 of 64 bytes failed: Only part of a ReadProcessMemory or WriteProcessMemory request was completed. (0x12B)
[0312/132920.216:WARNING:pe_image_reader.cc(340)] could not read dos header from C:\WINDOWS\System32\powrprof.dll
[0312/132920.216:ERROR:process_memory_win.cc(73)] ReadMemory at 0x7ffa9eb00000 of 64 bytes failed: Only part of a ReadProcessMemory or WriteProcessMemory request was completed. (0x12B)
[0312/132920.216:WARNING:pe_image_reader.cc(340)] could not read dos header from C:\WINDOWS\System32\shlwapi.dll
[0312/132920.216:ERROR:process_memory_win.cc(73)] ReadMemory at 0x7ffa9e7d0000 of 64 bytes failed: Only part of a ReadProcessMemory or WriteProcessMemory request was completed. (0x12B)
[0312/132920.216:WARNING:pe_image_reader.cc(340)] could not read dos header from C:\WINDOWS\System32\GDI32.dll
[0312/132920.216:ERROR:process_memory_win.cc(73)] ReadMemory at 0x7ffa9caa0000 of 64 bytes failed: Only part of a ReadProcessMemory or WriteProcessMemory request was completed. (0x12B)
[0312/132920.216:WARNING:pe_image_reader.cc(340)] could not read dos header from C:\WINDOWS\System32\gdi32full.dll
[0312/132920.216:ERROR:process_memory_win.cc(73)] ReadMemory at 0x7ffaa0480000 of 64 bytes failed: Only part of a ReadProcessMemory or WriteProcessMemory request was completed. (0x12B)
[0312/132920.216:WARNING:pe_image_reader.cc(340)] could not read dos header from C:\WINDOWS\System32\USER32.dll
[0312/132920.216:ERROR:process_memory_win.cc(73)] ReadMemory at 0x7ffa9cc40000 of 64 bytes failed: Only part of a ReadProcessMemory or WriteProcessMemory request was completed. (0x12B)
[0312/132920.216:WARNING:pe_image_reader.cc(340)] could not read dos header from C:\WINDOWS\System32\win32u.dll
[0312/132920.216:ERROR:process_memory_win.cc(73)] ReadMemory at 0x7ffa9cd60000 of 64 bytes failed: Only part of a ReadProcessMemory or WriteProcessMemory request was completed. (0x12B)
[0312/132920.216:WARNING:pe_image_reader.cc(340)] could not read dos header from C:\WINDOWS\System32\cryptsp.dll
[0312/132920.216:ERROR:process_memory_win.cc(73)] ReadMemory at 0x7ffaa0450000 of 64 bytes failed: Only part of a ReadProcessMemory or WriteProcessMemory request was completed. (0x12B)
[0312/132920.216:WARNING:pe_image_reader.cc(340)] could not read dos header from C:\WINDOWS\System32\IMM32.DLL
[0312/132920.216:ERROR:process_memory_win.cc(73)] ReadMemory at 0x7ffa9c150000 of 64 bytes failed: Only part of a ReadProcessMemory or WriteProcessMemory request was completed. (0x12B)
[0312/132920.216:WARNING:pe_image_reader.cc(340)] could not read dos header from C:\WINDOWS\SYSTEM32\CRYPTBASE.DLL
[0312/132920.217:ERROR:process_memory_win.cc(73)] ReadMemory at 0x7ff7908a0000 of 64 bytes failed: Only part of a ReadProcessMemory or WriteProcessMemory request was completed. (0x12B)
[0312/132920.217:WARNING:pe_image_reader.cc(340)] could not read dos header from C:\Program Files (x86)\Google\Chrome\Application\chrome.exe
[0312/132920.217:ERROR:process_memory_win.cc(73)] ReadMemory at 0x7ffaa0780000 of 64 bytes failed: Only part of a ReadProcessMemory or WriteProcessMemory request was completed. (0x12B)
[0312/132920.217:WARNING:pe_image_reader.cc(340)] could not read dos header from C:\WINDOWS\SYSTEM32\ntdll.dll
[0312/132920.217:ERROR:process_memory_win.cc(73)] ReadMemory at 0x7ffa9e140000 of 64 bytes failed: Only part of a ReadProcessMemory or WriteProcessMemory request was completed. (0x12B)
[0312/132920.217:WARNING:pe_image_reader.cc(340)] could not read dos header from C:\WINDOWS\System32\KERNEL32.DLL
[0312/132920.217:ERROR:process_memory_win.cc(73)] ReadMemory at 0x7ffa9ce90000 of 64 bytes failed: Only part of a ReadProcessMemory or WriteProcessMemory request was completed. (0x12B)
[0312/132920.217:WARNING:pe_image_reader.cc(340)] could not read dos header from C:\WINDOWS\System32\KERNELBASE.dll
[0312/132920.217:ERROR:process_memory_win.cc(73)] ReadMemory at 0x7ffa6b840000 of 64 bytes failed: Only part of a ReadProcessMemory or WriteProcessMemory request was completed. (0x12B)
[0312/132920.217:WARNING:pe_image_reader.cc(340)] could not read dos header from C:\Program Files (x86)\Google\Chrome\Application\80.0.3987.132\chrome_elf.dll
[0312/132920.217:ERROR:process_memory_win.cc(73)] ReadMemory at 0x7ffa8ae90000 of 64 bytes failed: Only part of a ReadProcessMemory or WriteProcessMemory request was completed. (0x12B)
[0312/132920.217:WARNING:pe_image_reader.cc(340)] could not read dos header from C:\WINDOWS\SYSTEM32\VERSION.dll
[0312/132920.217:ERROR:process_memory_win.cc(73)] ReadMemory at 0x7ffaa0250000 of 64 bytes failed: Only part of a ReadProcessMemory or WriteProcessMemory request was completed. (0x12B)
[0312/132920.217:WARNING:pe_image_reader.cc(340)] could not read dos header from C:\WINDOWS\System32\msvcrt.dll
[0312/132920.217:ERROR:process_memory_win.cc(73)] ReadMemory at 0x7ffa9d920000 of 64 bytes failed: Only part of a ReadProcessMemory or WriteProcessMemory request was completed. (0x12B)
[0312/132920.218:WARNING:pe_image_reader.cc(340)] could not read dos header from C:\WINDOWS\System32\bcryptPrimitives.dll
[0312/132920.218:ERROR:process_memory_win.cc(73)] ReadMemory at 0x7ffaa00f0000 of 64 bytes failed: Only part of a ReadProcessMemory or WriteProcessMemory request was completed. (0x12B)
[0312/132920.218:WARNING:pe_image_reader.cc(340)] could not read dos header from C:\WINDOWS\System32\ADVAPI32.dll
[0312/132920.218:ERROR:process_memory_win.cc(73)] ReadMemory at 0x1bda1110000 of 64 bytes failed: Only part of a ReadProcessMemory or WriteProcessMemory request was completed. (0x12B)
[0312/132920.218:WARNING:pe_image_reader.cc(340)] could not read dos header from C:\WINDOWS\System32\sechost.dll
[0312/132920.218:ERROR:process_memory_win.cc(73)] ReadMemory at 0x7ffa9e800000 of 64 bytes failed: Only part of a ReadProcessMemory or WriteProcessMemory request was completed. (0x12B)
[0312/132920.218:WARNING:pe_image_reader.cc(340)] could not read dos header from C:\WINDOWS\System32\RPCRT4.dll
[0312/132920.218:ERROR:process_memory_win.cc(73)] ReadMemory at 0x7ffa45480000 of 64 bytes failed: Only part of a ReadProcessMemory or WriteProcessMemory request was completed. (0x12B)
[0312/132920.218:WARNING:pe_image_reader.cc(340)] could not read dos header from C:\Program Files (x86)\Google\Chrome\Application\80.0.3987.132\chrome.dll
[0312/132920.218:ERROR:process_memory_win.cc(73)] ReadMemory at 0x7ffaa0080000 of 64 bytes failed: Only part of a ReadProcessMemory or WriteProcessMemory request was completed. (0x12B)
[0312/132920.218:WARNING:pe_image_reader.cc(340)] could not read dos header from C:\WINDOWS\System32\WS2_32.dll
[0312/132920.218:ERROR:process_memory_win.cc(73)] ReadMemory at 0x7ffa9e6e0000 of 64 bytes failed: Only part of a ReadProcessMemory or WriteProcessMemory request was completed. (0x12B)
[0312/132920.218:WARNING:pe_image_reader.cc(340)] could not read dos header from C:\WINDOWS\System32\OLEAUT32.dll
[0312/132920.219:ERROR:process_memory_win.cc(73)] ReadMemory at 0x7ffa9d880000 of 64 bytes failed: Only part of a ReadProcessMemory or WriteProcessMemory request was completed. (0x12B)
[0312/132920.219:WARNING:pe_image_reader.cc(340)] could not read dos header from C:\WINDOWS\System32\msvcp_win.dll
[0312/132920.219:ERROR:process_memory_win.cc(73)] ReadMemory at 0x7ffa9cc60000 of 64 bytes failed: Only part of a ReadProcessMemory or WriteProcessMemory request was completed. (0x12B)
[0312/132920.219:WARNING:pe_image_reader.cc(340)] could not read dos header from C:\WINDOWS\System32\ucrtbase.dll
[0312/132920.219:ERROR:process_memory_win.cc(73)] ReadMemory at 0x7ffa9e2a0000 of 64 bytes failed: Only part of a ReadProcessMemory or WriteProcessMemory request was completed. (0x12B)
[0312/132920.219:WARNING:pe_image_reader.cc(340)] could not read dos header from C:\WINDOWS\System32\combase.dll
[0312/132920.219:ERROR:process_memory_win.cc(73)] ReadMemory at 0x7ffa9ce30000 of 64 bytes failed: Only part of a ReadProcessMemory or WriteProcessMemory request was completed. (0x12B)
[0312/132920.219:WARNING:pe_image_reader.cc(340)] could not read dos header from C:\WINDOWS\System32\WINTRUST.dll
[0312/132920.219:ERROR:process_memory_win.cc(73)] ReadMemory at 0x7ffa9c770000 of 64 bytes failed: Only part of a ReadProcessMemory or WriteProcessMemory request was completed. (0x12B)
[0312/132920.219:WARNING:pe_image_reader.cc(340)] could not read dos header from C:\WINDOWS\System32\MSASN1.dll
[0312/132920.219:ERROR:process_memory_win.cc(73)] ReadMemory at 0x7ffa9c840000 of 64 bytes failed: Only part of a ReadProcessMemory or WriteProcessMemory request was completed. (0x12B)
[0312/132920.219:WARNING:pe_image_reader.cc(340)] could not read dos header from C:\WINDOWS\System32\CRYPT32.dll
[0312/132920.219:ERROR:process_memory_win.cc(73)] ReadMemory at 0x7ffa9bca0000 of 64 bytes failed: Only part of a ReadProcessMemory or WriteProcessMemory request was completed. (0x12B)
[0312/132920.219:WARNING:pe_image_reader.cc(340)] could not read dos header from C:\WINDOWS\SYSTEM32\IPHLPAPI.DLL
[0312/132920.219:ERROR:process_memory_win.cc(73)] ReadMemory at 0x7ffa95a90000 of 64 bytes failed: Only part of a ReadProcessMemory or WriteProcessMemory request was completed. (0x12B)
[0312/132920.219:WARNING:pe_image_reader.cc(340)] could not read dos header from C:\WINDOWS\SYSTEM32\WINMM.dll
[0312/132920.219:ERROR:process_memory_win.cc(73)] ReadMemory at 0x7ffa85ff0000 of 64 bytes failed: Only part of a ReadProcessMemory or WriteProcessMemory request was completed. (0x12B)
[0312/132920.219:WARNING:pe_image_reader.cc(340)] could not read dos header from C:\WINDOWS\SYSTEM32\Secur32.dll
[0312/132920.219:ERROR:process_memory_win.cc(73)] ReadMemory at 0x7ffa9c6a0000 of 64 bytes failed: Only part of a ReadProcessMemory or WriteProcessMemory request was completed. (0x12B)
[0312/132920.220:WARNING:pe_image_reader.cc(340)] could not read dos header from C:\WINDOWS\SYSTEM32\USERENV.dll
[0312/132920.220:ERROR:process_memory_win.cc(73)] ReadMemory at 0x7ffa9c810000 of 64 bytes failed: Only part of a ReadProcessMemory or WriteProcessMemory request was completed. (0x12B)
[0312/132920.220:WARNING:pe_image_reader.cc(340)] could not read dos header from C:\WINDOWS\System32\profapi.dll
[0312/132920.220:ERROR:process_memory_win.cc(73)] ReadMemory at 0x7ffa58790000 of 64 bytes failed: Only part of a ReadProcessMemory or WriteProcessMemory request was completed. (0x12B)
[0312/132920.220:WARNING:pe_image_reader.cc(340)] could not read dos header from C:\WINDOWS\SYSTEM32\UIAutomationCore.DLL
[0312/132920.220:ERROR:process_memory_win.cc(73)] ReadMemory at 0x7ffa8dd20000 of 64 bytes failed: Only part of a ReadProcessMemory or WriteProcessMemory request was completed. (0x12B)
[0312/132920.220:WARNING:pe_image_reader.cc(340)] could not read dos header from C:\WINDOWS\SYSTEM32\DWrite.dll
[0312/132920.220:ERROR:process_memory_win.cc(73)] ReadMemory at 0x7ffa8c5d0000 of 64 bytes failed: Only part of a ReadProcessMemory or WriteProcessMemory request was completed. (0x12B)
[0312/132920.220:WARNING:pe_image_reader.cc(340)] could not read dos header from C:\WINDOWS\SYSTEM32\WINSPOOL.DRV
[0312/132920.220:ERROR:process_memory_win.cc(73)] ReadMemory at 0x7ffa9c790000 of 64 bytes failed: Only part of a ReadProcessMemory or WriteProcessMemory request was completed. (0x12B)
[0312/132920.220:WARNING:pe_image_reader.cc(340)] could not read dos header from C:\WINDOWS\System32\kernel.appcore.dll
[0312/132920.220:ERROR:process_memory_win.cc(73)] ReadMemory at 0x7ffa9ca70000 of 64 bytes failed: Only part of a ReadProcessMemory or WriteProcessMemory request was completed. (0x12B)
[0312/132920.220:WARNING:pe_image_reader.cc(340)] could not read dos header from C:\WINDOWS\System32\bcrypt.dll
[0312/132920.220:ERROR:process_memory_win.cc(73)] ReadMemory at 0x7ffa971a0000 of 64 bytes failed: Only part of a ReadProcessMemory or WriteProcessMemory request was completed. (0x12B)
[0312/132920.220:WARNING:pe_image_reader.cc(340)] could not read dos header from C:\WINDOWS\SYSTEM32\dbghelp.dll
[0312/132920.220:ERROR:process_memory_win.cc(73)] ReadMemory at 0x7ffa8e1e0000 of 64 bytes failed: Only part of a ReadProcessMemory or WriteProcessMemory request was completed. (0x12B)
[0312/132920.220:WARNING:pe_image_reader.cc(340)] could not read dos header from C:\WINDOWS\SYSTEM32\WINHTTP.dll
[0312/132920.220:ERROR:process_memory_win.cc(73)] ReadMemory at 0x7ffa8c580000 of 64 bytes failed: Only part of a ReadProcessMemory or WriteProcessMemory request was completed. (0x12B)
[0312/132920.220:WARNING:pe_image_reader.cc(340)] could not read dos header from C:\WINDOWS\SYSTEM32\dhcpcsvc.DLL
[0312/132920.220:ERROR:process_memory_win.cc(73)] ReadMemory at 0x7ffa9e130000 of 64 bytes failed: Only part of a ReadProcessMemory or WriteProcessMemory request was completed. (0x12B)
[0312/132920.220:WARNING:pe_image_reader.cc(340)] could not read dos header from C:\WINDOWS\System32\NSI.dll
[0312/132920.221:ERROR:process_memory_win.cc(73)] ReadMemory at 0x7ffa95a60000 of 64 bytes failed: Only part of a ReadProcessMemory or WriteProcessMemory request was completed. (0x12B)
[0312/132920.221:WARNING:pe_image_reader.cc(340)] could not read dos header from C:\WINDOWS\SYSTEM32\WINMMBASE.dll
[0312/132920.221:ERROR:process_memory_win.cc(73)] ReadMemory at 0x7ffa9ca20000 of 64 bytes failed: Only part of a ReadProcessMemory or WriteProcessMemory request was completed. (0x12B)
[0312/132920.221:WARNING:pe_image_reader.cc(340)] could not read dos header from C:\WINDOWS\System32\cfgmgr32.dll
[0312/132920.221:ERROR:process_memory_win.cc(73)] ReadMemory at 0x7ffa95490000 of 64 bytes failed: Only part of a ReadProcessMemory or WriteProcessMemory request was completed. (0x12B)
[0312/132920.221:WARNING:pe_image_reader.cc(340)] could not read dos header from C:\WINDOWS\SYSTEM32\Bcp47Langs.dll
[0312/132920.221:ERROR:process_memory_win.cc(73)] ReadMemory at 0x7ffa94ba0000 of 64 bytes failed: Only part of a ReadProcessMemory or WriteProcessMemory request was completed. (0x12B)
[0312/132920.221:WARNING:pe_image_reader.cc(340)] could not read dos header from C:\WINDOWS\SYSTEM32\PROPSYS.dll
[0312/132920.221:ERROR:process_memory_win.cc(73)] ReadMemory at 0x7ffa9e5d0000 of 64 bytes failed: Only part of a ReadProcessMemory or WriteProcessMemory request was completed. (0x12B)
[0312/132920.221:WARNING:pe_image_reader.cc(340)] could not read dos header from C:\WINDOWS\System32\shcore.dll
[0312/132920.221:ERROR:process_memory_win.cc(73)] ReadMemory at 0x7ffa9c670000 of 64 bytes failed: Only part of a ReadProcessMemory or WriteProcessMemory request was completed. (0x12B)
[0312/132920.221:WARNING:pe_image_reader.cc(340)] could not read dos header from C:\WINDOWS\SYSTEM32\SSPICLI.DLL
[0312/132920.221:ERROR:process_memory_win.cc(73)] ReadMemory at 0x7ffa9eb80000 of 64 bytes failed: Only part of a ReadProcessMemory or WriteProcessMemory request was completed. (0x12B)
[0312/132920.221:WARNING:pe_image_reader.cc(340)] could not read dos header from C:\WINDOWS\System32\SHELL32.dll
[0312/132920.221:ERROR:process_memory_win.cc(73)] ReadMemory at 0x7ffa9d130000 of 64 bytes failed: Only part of a ReadProcessMemory or WriteProcessMemory request was completed. (0x12B)
[0312/132920.221:WARNING:pe_image_reader.cc(340)] could not read dos header from C:\WINDOWS\System32\windows.storage.dll
[0312/132920.221:ERROR:process_memory_win.cc(73)] ReadMemory at 0x7ffa9c7b0000 of 64 bytes failed: Only part of a ReadProcessMemory or WriteProcessMemory request was completed. (0x12B)
[0312/132920.221:WARNING:pe_image_reader.cc(340)] could not read dos header from C:\WINDOWS\System32\powrprof.dll
[0312/132920.221:ERROR:process_memory_win.cc(73)] ReadMemory at 0x7ffa9eb00000 of 64 bytes failed: Only part of a ReadProcessMemory or WriteProcessMemory request was completed. (0x12B)
[0312/132920.222:WARNING:pe_image_reader.cc(340)] could not read dos header from C:\WINDOWS\System32\shlwapi.dll
[0312/132920.222:ERROR:process_memory_win.cc(73)] ReadMemory at 0x7ffa9e7d0000 of 64 bytes failed: Only part of a ReadProcessMemory or WriteProcessMemory request was completed. (0x12B)
[0312/132920.222:WARNING:pe_image_reader.cc(340)] could not read dos header from C:\WINDOWS\System32\GDI32.dll
[0312/132920.222:ERROR:process_memory_win.cc(73)] ReadMemory at 0x7ffa9caa0000 of 64 bytes failed: Only part of a ReadProcessMemory or WriteProcessMemory request was completed. (0x12B)
[0312/132920.222:WARNING:pe_image_reader.cc(340)] could not read dos header from C:\WINDOWS\System32\gdi32full.dll
[0312/132920.222:ERROR:process_memory_win.cc(73)] ReadMemory at 0x7ffaa0480000 of 64 bytes failed: Only part of a ReadProcessMemory or WriteProcessMemory request was completed. (0x12B)
[0312/132920.222:WARNING:pe_image_reader.cc(340)] could not read dos header from C:\WINDOWS\System32\USER32.dll
[0312/132920.222:ERROR:process_memory_win.cc(73)] ReadMemory at 0x7ffa9cc40000 of 64 bytes failed: Only part of a ReadProcessMemory or WriteProcessMemory request was completed. (0x12B)
[0312/132920.222:WARNING:pe_image_reader.cc(340)] could not read dos header from C:\WINDOWS\System32\win32u.dll
[0312/132920.222:ERROR:process_memory_win.cc(73)] ReadMemory at 0x7ffa9cd60000 of 64 bytes failed: Only part of a ReadProcessMemory or WriteProcessMemory request was completed. (0x12B)
[0312/132920.222:WARNING:pe_image_reader.cc(340)] could not read dos header from C:\WINDOWS\System32\cryptsp.dll
[0312/132920.222:ERROR:process_memory_win.cc(73)] ReadMemory at 0x7ffaa0450000 of 64 bytes failed: Only part of a ReadProcessMemory or WriteProcessMemory request was completed. (0x12B)
[0312/132920.222:WARNING:pe_image_reader.cc(340)] could not read dos header from C:\WINDOWS\System32\IMM32.DLL
[0312/132920.222:ERROR:process_memory_win.cc(73)] ReadMemory at 0x7ffa9c150000 of 64 bytes failed: Only part of a ReadProcessMemory or WriteProcessMemory request was completed. (0x12B)
[0312/132920.222:WARNING:pe_image_reader.cc(340)] could not read dos header from C:\WINDOWS\SYSTEM32\CRYPTBASE.DLL
[0312/132920.241:ERROR:process_memory_win.cc(73)] ReadMemory at 0x290bbf9000 of 28672 bytes failed: Only part of a ReadProcessMemory or WriteProcessMemory request was completed. (0x12B)
[0312/132920.242:ERROR:process_memory_win.cc(73)] ReadMemory at 0x290c3fd000 of 12288 bytes failed: Only part of a ReadProcessMemory or WriteProcessMemory request was completed. (0x12B)
[0312/132920.242:ERROR:process_memory_win.cc(73)] ReadMemory at 0x290cbfd000 of 12288 bytes failed: Only part of a ReadProcessMemory or WriteProcessMemory request was completed. (0x12B)
[0312/132920.242:ERROR:process_memory_win.cc(73)] ReadMemory at 0x290d3fc000 of 16384 bytes failed: Only part of a ReadProcessMemory or WriteProcessMemory request was completed. (0x12B)
[0312/132920.242:ERROR:process_memory_win.cc(73)] ReadMemory at 0x290dbfb000 of 20480 bytes failed: Only part of a ReadProcessMemory or WriteProcessMemory request was completed. (0x12B)
[0312/132920.242:ERROR:process_memory_win.cc(73)] ReadMemory at 0x290e3fe000 of 8192 bytes failed: Only part of a ReadProcessMemory or WriteProcessMemory request was completed. (0x12B)
[0312/132920.242:ERROR:process_memory_win.cc(73)] ReadMemory at 0x290ebfd000 of 12288 bytes failed: Only part of a ReadProcessMemory or WriteProcessMemory request was completed. (0x12B)
[0312/132920.242:ERROR:process_memory_win.cc(73)] ReadMemory at 0x290f3fd000 of 12288 bytes failed: Only part of a ReadProcessMemory or WriteProcessMemory request was completed. (0x12B)
[0312/132920.243:ERROR:process_memory_win.cc(73)] ReadMemory at 0x290fbfd000 of 12288 bytes failed: Only part of a ReadProcessMemory or WriteProcessMemory request was completed. (0x12B)
[0312/132920.243:ERROR:process_memory_win.cc(73)] ReadMemory at 0x29103fd000 of 12288 bytes failed: Only part of a ReadProcessMemory or WriteProcessMemory request was completed. (0x12B)
[0312/132920.243:ERROR:process_memory_win.cc(73)] ReadMemory at 0x2910bfd000 of 12288 bytes failed: Only part of a ReadProcessMemory or WriteProcessMemory request was completed. (0x12B)
[0312/132920.243:ERROR:process_memory_win.cc(73)] ReadMemory at 0x29113fd000 of 12288 bytes failed: Only part of a ReadProcessMemory or WriteProcessMemory request was completed. (0x12B)
[0312/132920.243:ERROR:process_memory_win.cc(73)] ReadMemory at 0x2911bfd000 of 12288 bytes failed: Only part of a ReadProcessMemory or WriteProcessMemory request was completed. (0x12B)
[0312/132920.243:ERROR:process_memory_win.cc(73)] ReadMemory at 0x29123ff000 of 4096 bytes failed: Only part of a ReadProcessMemory or WriteProcessMemory request was completed. (0x12B)
[0312/132920.243:ERROR:process_memory_win.cc(73)] ReadMemory at 0x290b285000 of 852 bytes failed: Only part of a ReadProcessMemory or WriteProcessMemory request was completed. (0x12B)
[0312/132920.243:ERROR:process_memory_win.cc(73)] ReadMemory at 0x290b286000 of 6024 bytes failed: Only part of a ReadProcessMemory or WriteProcessMemory request was completed. (0x12B)
[0312/132920.244:ERROR:process_memory_win.cc(73)] ReadMemory at 0x290b28a000 of 6024 bytes failed: Only part of a ReadProcessMemory or WriteProcessMemory request was completed. (0x12B)
[0312/132920.244:ERROR:process_memory_win.cc(73)] ReadMemory at 0x290b28c000 of 6024 bytes failed: Only part of a ReadProcessMemory or WriteProcessMemory request was completed. (0x12B)
[0312/132920.244:ERROR:process_memory_win.cc(73)] ReadMemory at 0x290b28e000 of 6024 bytes failed: Only part of a ReadProcessMemory or WriteProcessMemory request was completed. (0x12B)
[0312/132920.244:ERROR:process_memory_win.cc(73)] ReadMemory at 0x290b290000 of 6024 bytes failed: Only part of a ReadProcessMemory or WriteProcessMemory request was completed. (0x12B)
[0312/132920.244:ERROR:process_memory_win.cc(73)] ReadMemory at 0x290b292000 of 6024 bytes failed: Only part of a ReadProcessMemory or WriteProcessMemory request was completed. (0x12B)
[0312/132920.244:ERROR:process_memory_win.cc(73)] ReadMemory at 0x290b294000 of 6024 bytes failed: Only part of a ReadProcessMemory or WriteProcessMemory request was completed. (0x12B)
[0312/132920.244:ERROR:process_memory_win.cc(73)] ReadMemory at 0x290b296000 of 6024 bytes failed: Only part of a ReadProcessMemory or WriteProcessMemory request was completed. (0x12B)
[0312/132920.244:ERROR:process_memory_win.cc(73)] ReadMemory at 0x290b298000 of 6024 bytes failed: Only part of a ReadProcessMemory or WriteProcessMemory request was completed. (0x12B)
[0312/132920.244:ERROR:process_memory_win.cc(73)] ReadMemory at 0x290b29a000 of 6024 bytes failed: Only part of a ReadProcessMemory or WriteProcessMemory request was completed. (0x12B)
[0312/132920.244:ERROR:process_memory_win.cc(73)] ReadMemory at 0x290b29c000 of 6024 bytes failed: Only part of a ReadProcessMemory or WriteProcessMemory request was completed. (0x12B)
[0312/132920.245:ERROR:process_memory_win.cc(73)] ReadMemory at 0x290b29e000 of 6024 bytes failed: Only part of a ReadProcessMemory or WriteProcessMemory request was completed. (0x12B)
[0312/132920.245:ERROR:process_memory_win.cc(73)] ReadMemory at 0x290b2a0000 of 6024 bytes failed: Only part of a ReadProcessMemory or WriteProcessMemory request was completed. (0x12B)
[0312/132920.245:ERROR:process_memory_win.cc(73)] ReadMemory at 0x290b2a2000 of 6024 bytes failed: Only part of a ReadProcessMemory or WriteProcessMemory request was completed. (0x12B)
[0312/132920.245:ERROR:process_memory_win.cc(73)] ReadMemory at 0x1bda0e90fe0 of 7208 bytes failed: Only part of a ReadProcessMemory or WriteProcessMemory request was completed. (0x12B)
[0312/132920.245:ERROR:process_memory_win.cc(73)] ReadMemory at 0x1bda0e92c10 of 1012 bytes failed: Only part of a ReadProcessMemory or WriteProcessMemory request was completed. (0x12B)
[0312/132920.245:ERROR:process_memory_win.cc(73)] ReadMemory at 0x1bda0e93238 of 118 bytes failed: Only part of a ReadProcessMemory or WriteProcessMemory request was completed. (0x12B)
[0312/132920.245:ERROR:process_memory_win.cc(73)] ReadMemory at 0x1bda0e932b0 of 1308 bytes failed: Only part of a ReadProcessMemory or WriteProcessMemory request was completed. (0x12B)
[0312/132920.245:ERROR:process_memory_win.cc(73)] ReadMemory at 0x1bda0e937ce of 118 bytes failed: Only part of a ReadProcessMemory or WriteProcessMemory request was completed. (0x12B)
[0312/132920.245:ERROR:process_memory_win.cc(73)] ReadMemory at 0x1bda0e93846 of 98 bytes failed: Only part of a ReadProcessMemory or WriteProcessMemory request was completed. (0x12B)
[0312/132920.246:ERROR:process_memory_win.cc(73)] ReadMemory at 0x1bda0e938c0 of 58 bytes failed: Only part of a ReadProcessMemory or WriteProcessMemory request was completed. (0x12B)
[0312/132920.246:ERROR:process_memory_win.cc(73)] ReadMemory at 0x1bda0e939c0 of 132 bytes failed: Only part of a ReadProcessMemory or WriteProcessMemory request was completed. (0x12B)
[0312/132920.246:ERROR:process_memory_win.cc(73)] ReadMemory at 0x1bda0e93b50 of 132 bytes failed: Only part of a ReadProcessMemory or WriteProcessMemory request was completed. (0x12B)
[0312/132920.246:ERROR:process_memory_win.cc(73)] ReadMemory at 0x1bda0e93d10 of 126 bytes failed: Only part of a ReadProcessMemory or WriteProcessMemory request was completed. (0x12B)
[0312/132920.246:ERROR:process_memory_win.cc(73)] ReadMemory at 0x1bda0e940f0 of 132 bytes failed: Only part of a ReadProcessMemory or WriteProcessMemory request was completed. (0x12B)
[0312/132920.246:ERROR:process_memory_win.cc(73)] ReadMemory at 0x1bda0e94280 of 64 bytes failed: Only part of a ReadProcessMemory or WriteProcessMemory request was completed. (0x12B)
[0312/132920.246:ERROR:process_memory_win.cc(73)] ReadMemory at 0x1bda0e942d0 of 132 bytes failed: Only part of a ReadProcessMemory or WriteProcessMemory request was completed. (0x12B)
[0312/132920.246:ERROR:process_memory_win.cc(73)] ReadMemory at 0x1bda0e94440 of 132 bytes failed: Only part of a ReadProcessMemory or WriteProcessMemory request was completed. (0x12B)
[0312/132920.246:ERROR:process_memory_win.cc(73)] ReadMemory at 0x1bda0e946e0 of 132 bytes failed: Only part of a ReadProcessMemory or WriteProcessMemory request was completed. (0x12B)
[0312/132920.246:ERROR:process_memory_win.cc(73)] ReadMemory at 0x1bda0e94870 of 68 bytes failed: Only part of a ReadProcessMemory or WriteProcessMemory request was completed. (0x12B)
[0312/132920.247:ERROR:process_memory_win.cc(73)] ReadMemory at 0x1bda0e95860 of 146 bytes failed: Only part of a ReadProcessMemory or WriteProcessMemory request was completed. (0x12B)
[0312/132920.247:ERROR:process_memory_win.cc(73)] ReadMemory at 0x1bda0e95940 of 132 bytes failed: Only part of a ReadProcessMemory or WriteProcessMemory request was completed. (0x12B)
[0312/132920.247:ERROR:process_memory_win.cc(73)] ReadMemory at 0x1bda0e95ad0 of 154 bytes failed: Only part of a ReadProcessMemory or WriteProcessMemory request was completed. (0x12B)
[0312/132920.247:ERROR:process_memory_win.cc(73)] ReadMemory at 0x1bda0e96adc of 512 bytes failed: Only part of a ReadProcessMemory or WriteProcessMemory request was completed. (0x12B)
[0312/132920.247:ERROR:process_memory_win.cc(73)] ReadMemory at 0x1bda0e96ef0 of 132 bytes failed: Only part of a ReadProcessMemory or WriteProcessMemory request was completed. (0x12B)
[0312/132920.247:ERROR:process_memory_win.cc(73)] ReadMemory at 0x1bda0e979d0 of 60 bytes failed: Only part of a ReadProcessMemory or WriteProcessMemory request was completed. (0x12B)
[0312/132920.247:ERROR:process_memory_win.cc(73)] ReadMemory at 0x1bda0e97a20 of 62 bytes failed: Only part of a ReadProcessMemory or WriteProcessMemory request was completed. (0x12B)
[0312/132920.247:ERROR:process_memory_win.cc(73)] ReadMemory at 0x1bda0e97a70 of 132 bytes failed: Only part of a ReadProcessMemory or WriteProcessMemory request was completed. (0x12B)
[0312/132920.247:ERROR:process_memory_win.cc(73)] ReadMemory at 0x1bda0e97c10 of 132 bytes failed: Only part of a ReadProcessMemory or WriteProcessMemory request was completed. (0x12B)
[0312/132920.247:ERROR:process_memory_win.cc(73)] ReadMemory at 0x1bda0e988d0 of 132 bytes failed: Only part of a ReadProcessMemory or WriteProcessMemory request was completed. (0x12B)
[0312/132920.248:ERROR:process_memory_win.cc(73)] ReadMemory at 0x1bda0e9b100 of 132 bytes failed: Only part of a ReadProcessMemory or WriteProcessMemory request was completed. (0x12B)
[0312/132920.248:ERROR:process_memory_win.cc(73)] ReadMemory at 0x1bda0e9b320 of 132 bytes failed: Only part of a ReadProcessMemory or WriteProcessMemory request was completed. (0x12B)
[0312/132920.248:ERROR:process_memory_win.cc(73)] ReadMemory at 0x1bda0e9b540 of 132 bytes failed: Only part of a ReadProcessMemory or WriteProcessMemory request was completed. (0x12B)
[0312/132920.248:ERROR:process_memory_win.cc(73)] ReadMemory at 0x1bda0e9b6e0 of 132 bytes failed: Only part of a ReadProcessMemory or WriteProcessMemory request was completed. (0x12B)
[0312/132920.248:ERROR:process_memory_win.cc(73)] ReadMemory at 0x1bda0e9b870 of 80 bytes failed: Only part of a ReadProcessMemory or WriteProcessMemory request was completed. (0x12B)
[0312/132920.248:ERROR:process_memory_win.cc(73)] ReadMemory at 0x1bda0e9ba30 of 60 bytes failed: Only part of a ReadProcessMemory or WriteProcessMemory request was completed. (0x12B)
[0312/132920.248:ERROR:process_memory_win.cc(73)] ReadMemory at 0x1bda0e9bb20 of 62 bytes failed: Only part of a ReadProcessMemory or WriteProcessMemory request was completed. (0x12B)
[0312/132920.248:ERROR:process_memory_win.cc(73)] ReadMemory at 0x1bda0e9bb70 of 66 bytes failed: Only part of a ReadProcessMemory or WriteProcessMemory request was completed. (0x12B)
[0312/132920.248:ERROR:process_memory_win.cc(73)] ReadMemory at 0x1bda0e9bc60 of 64 bytes failed: Only part of a ReadProcessMemory or WriteProcessMemory request was completed. (0x12B)
[0312/132920.249:ERROR:process_memory_win.cc(73)] ReadMemory at 0x1bda0e9bd00 of 64 bytes failed: Only part of a ReadProcessMemory or WriteProcessMemory request was completed. (0x12B)
[0312/132920.249:ERROR:process_memory_win.cc(73)] ReadMemory at 0x1bda0e9bd50 of 60 bytes failed: Only part of a ReadProcessMemory or WriteProcessMemory request was completed. (0x12B)
[0312/132920.249:ERROR:process_memory_win.cc(73)] ReadMemory at 0x1bda0e9bdf0 of 64 bytes failed: Only part of a ReadProcessMemory or WriteProcessMemory request was completed. (0x12B)
[0312/132920.249:ERROR:process_memory_win.cc(73)] ReadMemory at 0x1bda0e9be40 of 62 bytes failed: Only part of a ReadProcessMemory or WriteProcessMemory request was completed. (0x12B)
[0312/132920.249:ERROR:process_memory_win.cc(73)] ReadMemory at 0x1bda0e9bee0 of 64 bytes failed: Only part of a ReadProcessMemory or WriteProcessMemory request was completed. (0x12B)
[0312/132920.249:ERROR:process_memory_win.cc(73)] ReadMemory at 0x1bda0e9ca50 of 76 bytes failed: Only part of a ReadProcessMemory or WriteProcessMemory request was completed. (0x12B)
[0312/132920.249:ERROR:process_memory_win.cc(73)] ReadMemory at 0x1bda0e9cc30 of 80 bytes failed: Only part of a ReadProcessMemory or WriteProcessMemory request was completed. (0x12B)
[0312/132920.249:ERROR:process_memory_win.cc(73)] ReadMemory at 0x1bda0e9ce10 of 78 bytes failed: Only part of a ReadProcessMemory or WriteProcessMemory request was completed. (0x12B)
[0312/132920.250:ERROR:process_memory_win.cc(73)] ReadMemory at 0x1bda0e9ed30 of 132 bytes failed: Only part of a ReadProcessMemory or WriteProcessMemory request was completed. (0x12B)
[0312/132920.250:ERROR:process_memory_win.cc(73)] ReadMemory at 0x1bda0e9ef40 of 132 bytes failed: Only part of a ReadProcessMemory or WriteProcessMemory request was completed. (0x12B)
[0312/132920.250:ERROR:process_memory_win.cc(73)] ReadMemory at 0x1bda0ea0e30 of 132 bytes failed: Only part of a ReadProcessMemory or WriteProcessMemory request was completed. (0x12B)
[0312/132920.250:ERROR:process_memory_win.cc(73)] ReadMemory at 0x1bda0ea0f60 of 132 bytes failed: Only part of a ReadProcessMemory or WriteProcessMemory request was completed. (0x12B)
[0312/132920.250:ERROR:process_memory_win.cc(73)] ReadMemory at 0x1bda0ea1090 of 132 bytes failed: Only part of a ReadProcessMemory or WriteProcessMemory request was completed. (0x12B)
[0312/132920.250:ERROR:process_memory_win.cc(73)] ReadMemory at 0x1bda0ea11c0 of 132 bytes failed: Only part of a ReadProcessMemory or WriteProcessMemory request was completed. (0x12B)
[0312/132920.250:ERROR:process_memory_win.cc(73)] ReadMemory at 0x1bda0ea12f0 of 132 bytes failed: Only part of a ReadProcessMemory or WriteProcessMemory request was completed. (0x12B)
[0312/132920.251:ERROR:process_memory_win.cc(73)] ReadMemory at 0x1bda0ea1420 of 132 bytes failed: Only part of a ReadProcessMemory or WriteProcessMemory request was completed. (0x12B)
[0312/132920.251:ERROR:process_memory_win.cc(73)] ReadMemory at 0x1bda0ea1680 of 132 bytes failed: Only part of a ReadProcessMemory or WriteProcessMemory request was completed. (0x12B)
[0312/132920.251:ERROR:process_memory_win.cc(73)] ReadMemory at 0x1bda0ea17b0 of 132 bytes failed: Only part of a ReadProcessMemory or WriteProcessMemory request was completed. (0x12B)
[0312/132920.251:ERROR:process_memory_win.cc(73)] ReadMemory at 0x1bda0ea18e0 of 132 bytes failed: Only part of a ReadProcessMemory or WriteProcessMemory request was completed. (0x12B)
[0312/132920.251:ERROR:process_memory_win.cc(73)] ReadMemory at 0x1bda0ea1a10 of 132 bytes failed: Only part of a ReadProcessMemory or WriteProcessMemory request was completed. (0x12B)
[0312/132920.251:ERROR:process_memory_win.cc(73)] ReadMemory at 0x1bda0ea1b40 of 132 bytes failed: Only part of a ReadProcessMemory or WriteProcessMemory request was completed. (0x12B)
[0312/132920.251:ERROR:process_memory_win.cc(73)] ReadMemory at 0x1bda0ea1c70 of 132 bytes failed: Only part of a ReadProcessMemory or WriteProcessMemory request was completed. (0x12B)
[0312/132920.251:ERROR:process_memory_win.cc(73)] ReadMemory at 0x1bda0ea6d10 of 54 bytes failed: Only part of a ReadProcessMemory or WriteProcessMemory request was completed. (0x12B)
[0312/132920.251:ERROR:process_memory_win.cc(73)] ReadMemory at 0x1bda0ea7030 of 62 bytes failed: Only part of a ReadProcessMemory or WriteProcessMemory request was completed. (0x12B)
[0312/132920.252:ERROR:process_memory_win.cc(73)] ReadMemory at 0x1bda0ea7080 of 64 bytes failed: Only part of a ReadProcessMemory or WriteProcessMemory request was completed. (0x12B)
[0312/132920.252:ERROR:process_memory_win.cc(73)] ReadMemory at 0x1bda0ea70d0 of 62 bytes failed: Only part of a ReadProcessMemory or WriteProcessMemory request was completed. (0x12B)
[0312/132920.252:ERROR:process_memory_win.cc(73)] ReadMemory at 0x1bda0ea7120 of 64 bytes failed: Only part of a ReadProcessMemory or WriteProcessMemory request was completed. (0x12B)
[0312/132920.252:ERROR:process_memory_win.cc(73)] ReadMemory at 0x1bda0ea7170 of 62 bytes failed: Only part of a ReadProcessMemory or WriteProcessMemory request was completed. (0x12B)
[0312/132920.252:ERROR:process_memory_win.cc(73)] ReadMemory at 0x1bda0ea71c0 of 64 bytes failed: Only part of a ReadProcessMemory or WriteProcessMemory request was completed. (0x12B)
[0312/132920.252:ERROR:process_memory_win.cc(73)] ReadMemory at 0x1bda0ea7210 of 62 bytes failed: Only part of a ReadProcessMemory or WriteProcessMemory request was completed. (0x12B)
[0312/132920.252:ERROR:process_memory_win.cc(73)] ReadMemory at 0x1bda0ea7350 of 62 bytes failed: Only part of a ReadProcessMemory or WriteProcessMemory request was completed. (0x12B)
[0312/132920.253:ERROR:process_memory_win.cc(73)] ReadMemory at 0x1bda0ea73f0 of 62 bytes failed: Only part of a ReadProcessMemory or WriteProcessMemory request was completed. (0x12B)
[0312/132920.253:ERROR:process_memory_win.cc(73)] ReadMemory at 0x1bda0ea7710 of 68 bytes failed: Only part of a ReadProcessMemory or WriteProcessMemory request was completed. (0x12B)
[0312/132920.253:ERROR:process_memory_win.cc(73)] ReadMemory at 0x1bda0ea7800 of 60 bytes failed: Only part of a ReadProcessMemory or WriteProcessMemory request was completed. (0x12B)
[0312/132920.253:ERROR:process_memory_win.cc(73)] ReadMemory at 0x1bda0ea78f0 of 60 bytes failed: Only part of a ReadProcessMemory or WriteProcessMemory request was completed. (0x12B)
[0312/132920.253:ERROR:process_memory_win.cc(73)] ReadMemory at 0x1bda0ea7990 of 66 bytes failed: Only part of a ReadProcessMemory or WriteProcessMemory request was completed. (0x12B)
[0312/132920.253:ERROR:process_memory_win.cc(73)] ReadMemory at 0x1bda0ea7ad0 of 60 bytes failed: Only part of a ReadProcessMemory or WriteProcessMemory request was completed. (0x12B)
[0312/132920.253:ERROR:process_memory_win.cc(73)] ReadMemory at 0x1bda0ea7b20 of 58 bytes failed: Only part of a ReadProcessMemory or WriteProcessMemory request was completed. (0x12B)
[0312/132920.253:ERROR:process_memory_win.cc(73)] ReadMemory at 0x1bda0ea7bc0 of 64 bytes failed: Only part of a ReadProcessMemory or WriteProcessMemory request was completed. (0x12B)
[0312/132920.253:ERROR:process_memory_win.cc(73)] ReadMemory at 0x1bda0ea7c60 of 62 bytes failed: Only part of a ReadProcessMemory or WriteProcessMemory request was completed. (0x12B)
[0312/132920.253:ERROR:process_memory_win.cc(73)] ReadMemory at 0x1bda0ea7cb0 of 60 bytes failed: Only part of a ReadProcessMemory or WriteProcessMemory request was completed. (0x12B)
[0312/132920.254:ERROR:process_memory_win.cc(73)] ReadMemory at 0x1bda0ea7e40 of 62 bytes failed: Only part of a ReadProcessMemory or WriteProcessMemory request was completed. (0x12B)
[0312/132920.254:ERROR:process_memory_win.cc(73)] ReadMemory at 0x1bda0ea7ff0 of 132 bytes failed: Only part of a ReadProcessMemory or WriteProcessMemory request was completed. (0x12B)
[0312/132920.254:ERROR:process_memory_win.cc(73)] ReadMemory at 0x1bda0ea8120 of 132 bytes failed: Only part of a ReadProcessMemory or WriteProcessMemory request was completed. (0x12B)
[0312/132920.254:ERROR:process_memory_win.cc(73)] ReadMemory at 0x1bda0ea8250 of 132 bytes failed: Only part of a ReadProcessMemory or WriteProcessMemory request was completed. (0x12B)
[0312/132920.254:ERROR:process_memory_win.cc(73)] ReadMemory at 0x1bda0ea8380 of 132 bytes failed: Only part of a ReadProcessMemory or WriteProcessMemory request was completed. (0x12B)
[0312/132920.254:ERROR:process_memory_win.cc(73)] ReadMemory at 0x1bda0ea84b0 of 132 bytes failed: Only part of a ReadProcessMemory or WriteProcessMemory request was completed. (0x12B)
[0312/132920.254:ERROR:process_memory_win.cc(73)] ReadMemory at 0x1bda0ea85e0 of 132 bytes failed: Only part of a ReadProcessMemory or WriteProcessMemory request was completed. (0x12B)
[0312/132920.254:ERROR:process_memory_win.cc(73)] ReadMemory at 0x1bda0ea8710 of 132 bytes failed: Only part of a ReadProcessMemory or WriteProcessMemory request was completed. (0x12B)
[0312/132920.255:ERROR:process_memory_win.cc(73)] ReadMemory at 0x1bda0ea8840 of 132 bytes failed: Only part of a ReadProcessMemory or WriteProcessMemory request was completed. (0x12B)
[0312/132920.255:ERROR:process_memory_win.cc(73)] ReadMemory at 0x1bda0ea8970 of 132 bytes failed: Only part of a ReadProcessMemory or WriteProcessMemory request was completed. (0x12B)
[0312/132920.255:ERROR:process_memory_win.cc(73)] ReadMemory at 0x1bda0ea8aa0 of 132 bytes failed: Only part of a ReadProcessMemory or WriteProcessMemory request was completed. (0x12B)
[0312/132920.255:ERROR:process_memory_win.cc(73)] ReadMemory at 0x1bda0ea8bd0 of 132 bytes failed: Only part of a ReadProcessMemory or WriteProcessMemory request was completed. (0x12B)
[0312/132920.255:ERROR:process_memory_win.cc(73)] ReadMemory at 0x1bda0ea8d00 of 132 bytes failed: Only part of a ReadProcessMemory or WriteProcessMemory request was completed. (0x12B)
[0312/132920.255:ERROR:process_memory_win.cc(73)] ReadMemory at 0x1bda0ea8e30 of 132 bytes failed: Only part of a ReadProcessMemory or WriteProcessMemory request was completed. (0x12B)
[0312/132920.255:ERROR:process_memory_win.cc(73)] ReadMemory at 0x1bda0ea8f60 of 132 bytes failed: Only part of a ReadProcessMemory or WriteProcessMemory request was completed. (0x12B)
[0312/132920.255:ERROR:process_memory_win.cc(73)] ReadMemory at 0x1bda0ea9090 of 132 bytes failed: Only part of a ReadProcessMemory or WriteProcessMemory request was completed. (0x12B)
[0312/132920.255:ERROR:process_memory_win.cc(73)] ReadMemory at 0x1bda0ea9550 of 132 bytes failed: Only part of a ReadProcessMemory or WriteProcessMemory request was completed. (0x12B)
[0312/132920.255:ERROR:process_memory_win.cc(73)] ReadMemory at 0x1bda0ea9680 of 132 bytes failed: Only part of a ReadProcessMemory or WriteProcessMemory request was completed. (0x12B)
[0312/132920.255:ERROR:process_memory_win.cc(73)] ReadMemory at 0x1bda0ea97b0 of 132 bytes failed: Only part of a ReadProcessMemory or WriteProcessMemory request was completed. (0x12B)
[0312/132920.256:ERROR:process_memory_win.cc(73)] ReadMemory at 0x1bda0ea98e0 of 132 bytes failed: Only part of a ReadProcessMemory or WriteProcessMemory request was completed. (0x12B)
[0312/132920.256:ERROR:process_memory_win.cc(73)] ReadMemory at 0x1bda0ea9c70 of 132 bytes failed: Only part of a ReadProcessMemory or WriteProcessMemory request was completed. (0x12B)
[0312/132920.256:ERROR:process_memory_win.cc(73)] ReadMemory at 0x1bda0ea9da0 of 132 bytes failed: Only part of a ReadProcessMemory or WriteProcessMemory request was completed. (0x12B)
[0312/132920.256:ERROR:process_memory_win.cc(73)] ReadMemory at 0x1bda0eb4ca0 of 62 bytes failed: Only part of a ReadProcessMemory or WriteProcessMemory request was completed. (0x12B)
[0312/132920.256:ERROR:process_memory_win.cc(73)] ReadMemory at 0x1bda0eb50b0 of 66 bytes failed: Only part of a ReadProcessMemory or WriteProcessMemory request was completed. (0x12B)
[0312/132920.256:ERROR:process_memory_win.cc(73)] ReadMemory at 0x1bda0eb5100 of 58 bytes failed: Only part of a ReadProcessMemory or WriteProcessMemory request was completed. (0x12B)
[0312/132920.256:ERROR:process_memory_win.cc(73)] ReadMemory at 0x1bda0eb5240 of 60 bytes failed: Only part of a ReadProcessMemory or WriteProcessMemory request was completed. (0x12B)
[0312/132920.256:ERROR:process_memory_win.cc(73)] ReadMemory at 0x1bda0eb52e0 of 60 bytes failed: Only part of a ReadProcessMemory or WriteProcessMemory request was completed. (0x12B)
[0312/132920.257:ERROR:process_memory_win.cc(73)] ReadMemory at 0x1bda0eb5380 of 58 bytes failed: Only part of a ReadProcessMemory or WriteProcessMemory request was completed. (0x12B)
[0312/132920.257:ERROR:process_memory_win.cc(73)] ReadMemory at 0x1bda0eb5600 of 62 bytes failed: Only part of a ReadProcessMemory or WriteProcessMemory request was completed. (0x12B)
[0312/132920.257:ERROR:process_memory_win.cc(73)] ReadMemory at 0x1bda0eb5a60 of 64 bytes failed: Only part of a ReadProcessMemory or WriteProcessMemory request was completed. (0x12B)
[0312/132920.257:ERROR:process_memory_win.cc(73)] ReadMemory at 0x1bda0eb5b50 of 62 bytes failed: Only part of a ReadProcessMemory or WriteProcessMemory request was completed. (0x12B)
[0312/132920.257:ERROR:process_memory_win.cc(73)] ReadMemory at 0x1bda0ec8eb0 of 512 bytes failed: Only part of a ReadProcessMemory or WriteProcessMemory request was completed. (0x12B)
[0312/132920.257:ERROR:process_memory_win.cc(73)] ReadMemory at 0x1bda0ec9e10 of 512 bytes failed: Only part of a ReadProcessMemory or WriteProcessMemory request was completed. (0x12B)
[0312/132920.257:ERROR:process_memory_win.cc(73)] ReadMemory at 0x1bda0ecaf50 of 512 bytes failed: Only part of a ReadProcessMemory or WriteProcessMemory request was completed. (0x12B)
[0312/132920.257:ERROR:process_memory_win.cc(73)] ReadMemory at 0x1bda11f0e80 of 512 bytes failed: Only part of a ReadProcessMemory or WriteProcessMemory request was completed. (0x12B)
[0312/132920.257:ERROR:process_memory_win.cc(73)] ReadMemory at 0x1bda12c35f0 of 976 bytes failed: Only part of a ReadProcessMemory or WriteProcessMemory request was completed. (0x12B)
[0312/132920.257:ERROR:process_memory_win.cc(73)] ReadMemory at 0x1bda12cfde0 of 512 bytes failed: Only part of a ReadProcessMemory or WriteProcessMemory request was completed. (0x12B)
[0312/132920.257:ERROR:process_memory_win.cc(73)] ReadMemory at 0x1bda12dd0f0 of 712 bytes failed: Only part of a ReadProcessMemory or WriteProcessMemory request was completed. (0x12B)
[0312/132920.258:ERROR:process_memory_win.cc(73)] ReadMemory at 0x1bda12e2220 of 512 bytes failed: Only part of a ReadProcessMemory or WriteProcessMemory request was completed. (0x12B)
[0312/132920.258:ERROR:process_memory_win.cc(73)] ReadMemory at 0x1bda12ec340 of 512 bytes failed: Only part of a ReadProcessMemory or WriteProcessMemory request was completed. (0x12B)
[0312/132920.258:ERROR:process_memory_win.cc(73)] ReadMemory at 0x1bda12f7088 of 656 bytes failed: Only part of a ReadProcessMemory or WriteProcessMemory request was completed. (0x12B)
[0312/132920.258:ERROR:process_memory_win.cc(73)] ReadMemory at 0x1bda12f8438 of 512 bytes failed: Only part of a ReadProcessMemory or WriteProcessMemory request was completed. (0x12B)
[0312/132920.258:ERROR:process_memory_win.cc(73)] ReadMemory at 0x1bda138af90 of 512 bytes failed: Only part of a ReadProcessMemory or WriteProcessMemory request was completed. (0x12B)
[0312/132920.258:ERROR:process_memory_win.cc(73)] ReadMemory at 0x1bda3360000 of 384 bytes failed: Only part of a ReadProcessMemory or WriteProcessMemory request was completed. (0x12B)
[0312/132920.258:ERROR:process_memory_win.cc(73)] ReadMemory at 0x1bda33a1940 of 512 bytes failed: Only part of a ReadProcessMemory or WriteProcessMemory request was completed. (0x12B)
[0312/132920.258:ERROR:process_memory_win.cc(73)] ReadMemory at 0x1bda341b9a0 of 512 bytes failed: Only part of a ReadProcessMemory or WriteProcessMemory request was completed. (0x12B)
[0312/132920.258:ERROR:process_memory_win.cc(73)] ReadMemory at 0x1bda34368b0 of 512 bytes failed: Only part of a ReadProcessMemory or WriteProcessMemory request was completed. (0x12B)
[0312/132920.258:ERROR:process_memory_win.cc(73)] ReadMemory at 0x1bda3436b50 of 512 bytes failed: Only part of a ReadProcessMemory or WriteProcessMemory request was completed. (0x12B)
[0312/132920.259:ERROR:process_memory_win.cc(73)] ReadMemory at 0x1bda344c181 of 543 bytes failed: Only part of a ReadProcessMemory or WriteProcessMemory request was completed. (0x12B)
[0312/132920.259:ERROR:process_memory_win.cc(73)] ReadMemory at 0x1bda3452bc8 of 512 bytes failed: Only part of a ReadProcessMemory or WriteProcessMemory request was completed. (0x12B)
[0312/132920.259:ERROR:process_memory_win.cc(73)] ReadMemory at 0x1bda34535b0 of 512 bytes failed: Only part of a ReadProcessMemory or WriteProcessMemory request was completed. (0x12B)
[0312/132920.259:ERROR:process_memory_win.cc(73)] ReadMemory at 0x1bda34598c0 of 512 bytes failed: Only part of a ReadProcessMemory or WriteProcessMemory request was completed. (0x12B)
[0312/132920.259:ERROR:process_memory_win.cc(73)] ReadMemory at 0x1bda345a3d0 of 512 bytes failed: Only part of a ReadProcessMemory or WriteProcessMemory request was completed. (0x12B)
[0312/132920.259:ERROR:process_memory_win.cc(73)] ReadMemory at 0x7ffa47a301e0 of 512 bytes failed: Only part of a ReadProcessMemory or WriteProcessMemory request was completed. (0x12B)
[0312/132920.259:ERROR:process_memory_win.cc(73)] ReadMemory at 0x7ffa480de6be of 553 bytes failed: Only part of a ReadProcessMemory or WriteProcessMemory request was completed. (0x12B)
[0312/132920.259:ERROR:process_memory_win.cc(73)] ReadMemory at 0x7ffa4c92d4e0 of 512 bytes failed: Only part of a ReadProcessMemory or WriteProcessMemory request was completed. (0x12B)
[0312/132920.259:ERROR:process_memory_win.cc(73)] ReadMemory at 0x7ffaa07ea1c0 of 512 bytes failed: Only part of a ReadProcessMemory or WriteProcessMemory request was completed. (0x12B)
[0312/132920.260:ERROR:process_memory_win.cc(73)] ReadMemory at 0x7ffaa081f754 of 672 bytes failed: Only part of a ReadProcessMemory or WriteProcessMemory request was completed. (0x12B)
[0312/132920.260:ERROR:process_memory_win.cc(73)] ReadMemory at 0x7ffaa081fd54 of 512 bytes failed: Only part of a ReadProcessMemory or WriteProcessMemory request was completed. (0x12B)
[0312/132920.260:ERROR:process_memory_win.cc(73)] ReadMemory at 0x7ffaa0820e44 of 512 bytes failed: Only part of a ReadProcessMemory or WriteProcessMemory request was completed. (0x12B)
[0312/132920.260:ERROR:process_memory_win.cc(73)] ReadMemory at 0x7ffaa0822fe4 of 608 bytes failed: Only part of a ReadProcessMemory or WriteProcessMemory request was completed. (0x12B)
[0312/132920.260:ERROR:process_memory_win.cc(73)] ReadMemory at 0x7ffaa08ac0c8 of 18 bytes failed: Only part of a ReadProcessMemory or WriteProcessMemory request was completed. (0x12B)
[0312/132920.260:ERROR:process_memory_win.cc(73)] ReadMemory at 0x7ffaa08df4f8 of 40 bytes failed: Only part of a ReadProcessMemory or WriteProcessMemory request was completed. (0x12B)
[0312/132920.260:ERROR:process_memory_win.cc(73)] ReadMemory at 0x7ffaa08df978 of 48 bytes failed: Only part of a ReadProcessMemory or WriteProcessMemory request was completed. (0x12B)
[0312/132920.260:ERROR:process_memory_win.cc(73)] ReadMemory at 0x7ffaa08e53a0 of 64 bytes failed: Only part of a ReadProcessMemory or WriteProcessMemory request was completed. (0x12B)
[0312/132920.265:ERROR:scoped_process_suspend.cc(40)] NtResumeProcess: An attempt was made to access an exiting process. (0xc000010a)
